<?xml version="1.0" encoding="UTF-8"?>
<testsuite xmlns:xsi="http://www.w3.org/2001/XMLSchema-instance" xsi:noNamespaceSchemaLocation="https://maven.apache.org/surefire/maven-surefire-plugin/xsd/surefire-test-report-3.0.xsd" version="3.0" name="TestSuite" time="17.863" tests="2" errors="0" skipped="0" failures="0">
  <properties>
[...]
</properties>
  <testcase name="forgotYourPasswordTest" classname="com.OrangeHRM.testCases.TC002_VerifyForgotYourPasswordLink" time="1.534">
    <system-out><![CDATA[[TestNGContentHandler] [WARN] It is strongly recommended to add "<!DOCTYPE suite SYSTEM "http://testng.org/testng-1.0.dtd" >" at the top of your file, otherwise TestNG may fail or not work as expected.
[INFO ] 13-11-2022 12:45:40.352 TC002_VerifyForgotYourPasswordLink - Chrome Browser is launched successfully
[INFO ] 13-11-2022 12:45:43.089 TC002_VerifyForgotYourPasswordLink - OrangeHRM application is opened
[INFO ] 13-11-2022 12:45:44.690 TC002_VerifyForgotYourPasswordLink - Screenshot captured successfully
[INFO ] 13-11-2022 12:45:44.690 TC002_VerifyForgotYourPasswordLink - Forgot your Password? link is existing
]]></system-out>
    <system-err><![CDATA[SLF4J: Failed to load class "org.slf4j.impl.StaticLoggerBinder".
SLF4J: Defaulting to no-operation (NOP) logger implementation
SLF4J: See http://www.slf4j.org/codes.html#StaticLoggerBinder for further details.
Starting ChromeDriver 107.0.5304.62 (1eec40d3a5764881c92085aaee66d25075c159aa-refs/branch-heads/5304@{#942}) on port 45192
Only local connections are allowed.
Please see https://chromedriver.chromium.org/security-considerations for suggestions on keeping ChromeDriver safe.
ChromeDriver was started successfully.
Nov 13, 2022 12:45:40 PM org.openqa.selenium.remote.ProtocolHandshake createSession
INFO: Detected dialect: W3C
]]></system-err>
  </testcase>
  <testcase name="loginTest" classname="com.OrangeHRM.testCases.TC001_UserLoginTest" time="3.168">
    <system-out><![CDATA[[INFO ] 13-11-2022 12:45:45.362 TC002_VerifyForgotYourPasswordLink - Application closed successfully
[INFO ] 13-11-2022 12:45:47.143 TC001_UserLoginTest - Chrome Browser is launched successfully
[INFO ] 13-11-2022 12:45:49.735 TC001_UserLoginTest - OrangeHRM application is opened
Value entered in Username field is - Admin
Value entered in Password field is - admin123
Clicked on Login button
[INFO ] 13-11-2022 12:45:52.645 TC001_UserLoginTest - Screenshot captured successfully
[INFO ] 13-11-2022 12:45:52.929 TC001_UserLoginTest - User has logged in successfully
]]></system-out>
    <system-err><![CDATA[Starting ChromeDriver 107.0.5304.62 (1eec40d3a5764881c92085aaee66d25075c159aa-refs/branch-heads/5304@{#942}) on port 5812
Only local connections are allowed.
Please see https://chromedriver.chromium.org/security-considerations for suggestions on keeping ChromeDriver safe.
ChromeDriver was started successfully.
Nov 13, 2022 12:45:47 PM org.openqa.selenium.remote.ProtocolHandshake createSession
INFO: Detected dialect: W3C
]]></system-err>
  </testcase>
</testsuite>