<?xml version="1.0" encoding="UTF-8"?>
<testng-results skipped="0" failed="0" ignored="0" total="2" passed="2">
  <reporter-output>
  </reporter-output>
  <suite name="OrangeHRM Regression Suite" duration-ms="18516" started-at="2022-11-13T17:24:57Z" finished-at="2022-11-13T17:25:15Z">
    <groups>
    </groups>
    <test name="TC002_VerifyForgotYourPasswordLink" duration-ms="9189" started-at="2022-11-13T17:24:57Z" finished-at="2022-11-13T17:25:06Z">
      <class name="com.OrangeHRM.testCases.TC002_VerifyForgotYourPasswordLink">
        <test-method status="PASS" signature="setup(java.lang.String)[pri:0, instance:com.OrangeHRM.testCases.TC002_VerifyForgotYourPasswordLink@f43c82]" name="setup" is-config="true" duration-ms="6472" started-at="2022-11-13T17:24:57Z" finished-at="2022-11-13T17:25:03Z">
          <params>
            <param index="0">
              <value>
                <![CDATA[chrome]]>
              </value>
            </param>
          </params>
          <reporter-output>
          </reporter-output>
        </test-method> <!-- setup -->
        <test-method status="PASS" signature="forgotYourPasswordTest()[pri:0, instance:com.OrangeHRM.testCases.TC002_VerifyForgotYourPasswordLink@f43c82]" name="forgotYourPasswordTest" duration-ms="1756" started-at="2022-11-13T17:25:03Z" finished-at="2022-11-13T17:25:05Z">
          <reporter-output>
          </reporter-output>
        </test-method> <!-- forgotYourPasswordTest -->
        <test-method status="PASS" signature="teardown()[pri:0, instance:com.OrangeHRM.testCases.TC002_VerifyForgotYourPasswordLink@f43c82]" name="teardown" is-config="true" duration-ms="728" started-at="2022-11-13T17:25:05Z" finished-at="2022-11-13T17:25:06Z">
          <reporter-output>
          </reporter-output>
        </test-method> <!-- teardown -->
      </class> <!-- com.OrangeHRM.testCases.TC002_VerifyForgotYourPasswordLink -->
    </test> <!-- TC002_VerifyForgotYourPasswordLink -->
    <test name="TC001_UserLoginTest" duration-ms="8892" started-at="2022-11-13T17:25:06Z" finished-at="2022-11-13T17:25:15Z">
      <class name="com.OrangeHRM.testCases.TC001_UserLoginTest">
        <test-method status="PASS" signature="setup(java.lang.String)[pri:0, instance:com.OrangeHRM.testCases.TC001_UserLoginTest@a078fd]" name="setup" is-config="true" duration-ms="4430" started-at="2022-11-13T17:25:06Z" finished-at="2022-11-13T17:25:11Z">
          <params>
            <param index="0">
              <value>
                <![CDATA[chrome]]>
              </value>
            </param>
          </params>
          <reporter-output>
          </reporter-output>
        </test-method> <!-- setup -->
        <test-method status="PASS" signature="loginTest()[pri:0, instance:com.OrangeHRM.testCases.TC001_UserLoginTest@a078fd]" name="loginTest" duration-ms="3758" started-at="2022-11-13T17:25:11Z" finished-at="2022-11-13T17:25:15Z">
          <reporter-output>
          </reporter-output>
        </test-method> <!-- loginTest -->
        <test-method status="PASS" signature="teardown()[pri:0, instance:com.OrangeHRM.testCases.TC001_UserLoginTest@a078fd]" name="teardown" is-config="true" duration-ms="698" started-at="2022-11-13T17:25:15Z" finished-at="2022-11-13T17:25:15Z">
          <reporter-output>
          </reporter-output>
        </test-method> <!-- teardown -->
      </class> <!-- com.OrangeHRM.testCases.TC001_UserLoginTest -->
    </test> <!-- TC001_UserLoginTest -->
  </suite> <!-- OrangeHRM Regression Suite -->
</testng-results>
